Running in IDS mode

        --== Initializing Snort ==--
Initializing Output Plugins!
Initializing Preprocessors!
Initializing Plug-ins!
Parsing Rules file "/etc/snort/snort.conf"
Tagged Packet Limit: 256
Log directory = /var/log/snort

+++++++++++++++++++++++++++++++++++++++++++++++++++
Initializing rule chains...
3 Snort rules read
    3 detection rules
    0 decoder rules
    0 preprocessor rules
3 Option Chains linked into 3 Chain Headers
+++++++++++++++++++++++++++++++++++++++++++++++++++

+-------------------[Rule Port Counts]---------------------------------------
|             tcp     udp    icmp      ip
|     src       0       0       0       0
|     dst       2       0       0       0
|     any       0       0       1       0
|      nc       2       0       1       0
|     s+d       0       0       0       0
+----------------------------------------------------------------------------

+-----------------------[detection-filter-config]------------------------------
| memory-cap : 1048576 bytes
+-----------------------[detection-filter-rules]-------------------------------
| none
-------------------------------------------------------------------------------

+-----------------------[rate-filter-config]-----------------------------------
| memory-cap : 1048576 bytes
+-----------------------[rate-filter-rules]------------------------------------
| none
-------------------------------------------------------------------------------

+-----------------------[event-filter-config]----------------------------------
| memory-cap : 1048576 bytes
+-----------------------[event-filter-global]----------------------------------
+-----------------------[event-filter-local]-----------------------------------
| none
+-----------------------[suppression]------------------------------------------
| none
-------------------------------------------------------------------------------
Rule application order: pass->drop->sdrop->reject->alert->log
Verifying Preprocessor Configurations!

[ Port Based Pattern Matching Memory ]
pcap DAQ configured to passive.
Acquiring network traffic from "eth1".
Reload thread starting...
Reload thread started, thread 0x7fa8cd6db640 (32)
Decoding Ethernet

        --== Initialization Complete ==--

   ,,_     -*> Snort! <*-
  o"  )~   Version 2.9.15.1 GRE (Build 15125) 
   ''''    By Martin Roesch & The Snort Team: http://www.snort.org/contact#team
           Copyright (C) 2014-2019 Cisco and/or its affiliates. All rights reserved.
           Copyright (C) 1998-2013 Sourcefire, Inc., et al.
           Using libpcap version 1.10.1 (with TPACKET_V3)
           Using PCRE version: 8.39 2016-06-14
           Using ZLIB version: 1.2.11

Commencing packet processing (pid=20)
WARNING: No preprocessors configured for policy 0.
WARNING: No preprocessors configured for policy 0.
WARNING: No preprocessors configured for policy 0.
WARNING: No preprocessors configured for policy 0.
WARNING: No preprocessors configured for policy 0.
WARNING: No preprocessors configured for policy 0.
WARNING: No preprocessors configured for policy 0.
