Running in IDS mode

        --== Initializing Snort ==--
Initializing Output Plugins!
Initializing Preprocessors!
Initializing Plug-ins!
Parsing Rules file "/etc/snort/snort.conf"
Tagged Packet Limit: 256
Log directory = /var/log/snort
      Max Expected Streams: 768
Stream global config:
    Track TCP sessions: ACTIVE
    Max TCP sessions: 262144
    TCP cache pruning timeout: 30 seconds
    TCP cache nominal timeout: 180 seconds
    Memcap (for reassembly packet storage): 8388608
    Track UDP sessions: ACTIVE
    Max UDP sessions: 131072
    UDP cache pruning timeout: 30 seconds
    UDP cache nominal timeout: 180 seconds
    Track ICMP sessions: INACTIVE
    Track IP sessions: INACTIVE
    Log info if session memory consumption exceeds 1048576
    Send up to 0 active responses
    Protocol Aware Flushing: ACTIVE
        Maximum Flush Point: 16384
Stream TCP Policy config:
    Bound Address: default
    Reassembly Policy: LINUX
    Timeout: 180 seconds
    Limit on TCP Overlaps: 10
    Maximum number of bytes to queue per session: 1048576
    Maximum number of segs to queue per session: 2621
    Options:
        Require 3-Way Handshake: YES
        3-Way Handshake Timeout: 180
        Detect Anomalies: YES
    Reassembly Ports:
Frag3 global config:
    Max frags: 65536
    Fragment memory cap: 4194304 bytes
HttpInspect Config:
    GLOBAL CONFIG
      Detect Proxy Usage:       NO
      IIS Unicode Map Filename: /etc/snort/unicode.map
      IIS Unicode Map Codepage: 1252
      Memcap used for logging URI and Hostname: 150994944
      Max Gzip Memory: 838860
      Max Gzip Sessions: 1613
      Gzip Compress Depth: 1460
      Gzip Decompress Depth: 2920
    DEFAULT SERVER CONFIG:
      Server profile: All
      Ports (PAF): 80 8080 8180 
      Server Flow Depth: 300
      Client Flow Depth: 300
      Max Chunk Length: 500000
      Max Header Field Length: 0
      Max Number Header Fields: 0
      Max Number of WhiteSpaces allowed with header folding: 200
      Inspect Pipeline Requests: YES
      URI Discovery Strict Mode: NO
      Allow Proxy Usage: NO
      Disable Alerting: NO
      Oversize Dir Length: 0
      Only inspect URI: NO
      Normalize HTTP Headers: NO
      Inspect HTTP Cookies: NO
      Inspect HTTP Responses: NO
      Extract Gzip from responses: NO
      Decompress response files:   
      Unlimited decompression of gzip data from responses: NO
      Normalize Javascripts in HTTP Responses: NO
      Normalize HTTP Cookies: NO
      Enable XFF and True Client IP: NO
      Log HTTP URI data: NO
      Log HTTP Hostname data: NO
      Extended ASCII code support in URI: NO
      Ascii: YES alert: NO
      Double Decoding: YES alert: YES
      %U Encoding: YES alert: YES
      Bare Byte: YES alert: YES
      UTF 8: OFF
      IIS Unicode: YES alert: YES
      Multiple Slash: YES alert: NO
      IIS Backslash: YES alert: NO
      Directory Traversal: YES alert: NO
      Web Root Traversal: YES alert: YES
      Apache WhiteSpace: YES alert: NO
      IIS Delimiter: YES alert: NO
      IIS Unicode Map: GLOBAL IIS UNICODE MAP CONFIG
      Non-RFC Compliant Characters: NONE
      Whitespace Characters: 0x09 0x0b 0x0c 0x0d 
      Legacy mode: NO

+++++++++++++++++++++++++++++++++++++++++++++++++++
Initializing rule chains...
WARNING: /etc/snort/rules/local.rules(4) threshold (in rule) is deprecated; use detection_filter instead.

6 Snort rules read
    6 detection rules
    0 decoder rules
    0 preprocessor rules
6 Option Chains linked into 5 Chain Headers
+++++++++++++++++++++++++++++++++++++++++++++++++++

+-------------------[Rule Port Counts]---------------------------------------
|             tcp     udp    icmp      ip
|     src       0       0       0       0
|     dst       3       0       0       0
|     any       2       1       0       0
|      nc       4       0       0       0
|     s+d       0       0       0       0
+----------------------------------------------------------------------------

+-----------------------[detection-filter-config]------------------------------
| memory-cap : 1048576 bytes
+-----------------------[detection-filter-rules]-------------------------------
-------------------------------------------------------------------------------

+-----------------------[rate-filter-config]-----------------------------------
| memory-cap : 1048576 bytes
+-----------------------[rate-filter-rules]------------------------------------
| none
-------------------------------------------------------------------------------

+-----------------------[event-filter-config]----------------------------------
| memory-cap : 1048576 bytes
+-----------------------[event-filter-global]----------------------------------
| none
+-----------------------[event-filter-local]-----------------------------------
| gen-id=1      sig-id=1000005    type=Both      tracking=src count=3   seconds=3  
+-----------------------[suppression]------------------------------------------
| none
-------------------------------------------------------------------------------
Rule application order: pass->drop->sdrop->reject->alert->log
Verifying Preprocessor Configurations!

[ Port Based Pattern Matching Memory ]
+-[AC-BNFA Search Info Summary]------------------------------
| Instances        : 4
| Patterns         : 6
| Pattern Chars    : 68
| Num States       : 68
| Num Match States : 6
| Memory           :   7.37Kbytes
|   Patterns       :   0.30K
|   Match Lists    :   0.72K
|   Transitions    :   4.76K
+-------------------------------------------------
pcap DAQ configured to passive.
Acquiring network traffic from "eth2".
Reload thread starting...
Reload thread started, thread 0x7f50182da640 (54)
Decoding Ethernet

        --== Initialization Complete ==--

   ,,_     -*> Snort! <*-
  o"  )~   Version 2.9.15.1 GRE (Build 15125) 
   ''''    By Martin Roesch & The Snort Team: http://www.snort.org/contact#team
           Copyright (C) 2014-2019 Cisco and/or its affiliates. All rights reserved.
           Copyright (C) 1998-2013 Sourcefire, Inc., et al.
           Using libpcap version 1.10.1 (with TPACKET_V3)
           Using PCRE version: 8.39 2016-06-14
           Using ZLIB version: 1.2.11

Commencing packet processing (pid=25)
(snort_decoder) WARNING: IP dgm len > captured len
06/08-16:35:17.395101 172.20.0.2:50366 -> 172.24.0.3:3100
TCP TTL:64 TOS:0x0 ID:25302 IpLen:20 DgmLen:60 DF
******S* Seq: 0xFFF9E87B  Ack: 0x0  Win: 0xFAF0  TcpLen: 40
TCP Options (5) => MSS: 1460 SackOK TS: 1921367893 0 NOP WS: 7 
=+=+=+=+=+=+=+=+=+=+=+=+=+=+=+=+=+=+=+=+=+=+=+=+=+=+=+=+=+=+=+=+=+=+=+=+=+

06/08-16:35:17.395119 172.24.0.3:3100 -> 172.20.0.2:50366
TCP TTL:64 TOS:0x0 ID:0 IpLen:20 DgmLen:60 DF
***A**S* Seq: 0xAB9AC73F  Ack: 0xFFF9E87C  Win: 0xFE88  TcpLen: 40
TCP Options (5) => MSS: 1460 SackOK TS: 2460468892 1921367893 
TCP Options => NOP WS: 7 
=+=+=+=+=+=+=+=+=+=+=+=+=+=+=+=+=+=+=+=+=+=+=+=+=+=+=+=+=+=+=+=+=+=+=+=+=+

06/08-16:35:17.395151 172.20.0.2:50366 -> 172.24.0.3:3100
TCP TTL:64 TOS:0x0 ID:25303 IpLen:20 DgmLen:52 DF
***A**** Seq: 0xFFF9E87C  Ack: 0xAB9AC740  Win: 0x1F6  TcpLen: 32
TCP Options (3) => NOP NOP TS: 1921367893 2460468892 
=+=+=+=+=+=+=+=+=+=+=+=+=+=+=+=+=+=+=+=+=+=+=+=+=+=+=+=+=+=+=+=+=+=+=+=+=+

06/08-16:35:17.395236 172.20.0.2:50366 -> 172.24.0.3:3100
TCP TTL:64 TOS:0x0 ID:25304 IpLen:20 DgmLen:253 DF
***AP*** Seq: 0xFFF9E87C  Ack: 0xAB9AC740  Win: 0x1F6  TcpLen: 32
TCP Options (3) => NOP NOP TS: 1921367894 2460468892 
=+=+=+=+=+=+=+=+=+=+=+=+=+=+=+=+=+=+=+=+=+=+=+=+=+=+=+=+=+=+=+=+=+=+=+=+=+

06/08-16:35:17.395240 172.24.0.3:3100 -> 172.20.0.2:50366
TCP TTL:64 TOS:0x0 ID:10261 IpLen:20 DgmLen:52 DF
***A**** Seq: 0xAB9AC740  Ack: 0xFFF9E945  Win: 0x1FC  TcpLen: 32
TCP Options (3) => NOP NOP TS: 2460468893 1921367894 
=+=+=+=+=+=+=+=+=+=+=+=+=+=+=+=+=+=+=+=+=+=+=+=+=+=+=+=+=+=+=+=+=+=+=+=+=+

06/08-16:35:17.397084 172.20.0.2:50366 -> 172.24.0.3:3100
TCP TTL:64 TOS:0x0 ID:25305 IpLen:20 DgmLen:52 DF
***A**** Seq: 0xFFF9E945  Ack: 0xAB9AD6B2  Win: 0x1EC  TcpLen: 32
TCP Options (3) => NOP NOP TS: 1921367895 2460468894 
=+=+=+=+=+=+=+=+=+=+=+=+=+=+=+=+=+=+=+=+=+=+=+=+=+=+=+=+=+=+=+=+=+=+=+=+=+

06/08-16:35:17.397324 172.20.0.2:50366 -> 172.24.0.3:3100
TCP TTL:64 TOS:0x0 ID:25306 IpLen:20 DgmLen:52 DF
***A***F Seq: 0xFFF9E945  Ack: 0xAB9AD6B2  Win: 0x1F5  TcpLen: 32
TCP Options (3) => NOP NOP TS: 1921367896 2460468894 
=+=+=+=+=+=+=+=+=+=+=+=+=+=+=+=+=+=+=+=+=+=+=+=+=+=+=+=+=+=+=+=+=+=+=+=+=+

06/08-16:35:17.397582 172.24.0.3:3100 -> 172.20.0.2:50366
TCP TTL:64 TOS:0x0 ID:10265 IpLen:20 DgmLen:52 DF
***A***F Seq: 0xAB9AD6B2  Ack: 0xFFF9E946  Win: 0x1FC  TcpLen: 32
TCP Options (3) => NOP NOP TS: 2460468895 1921367896 
=+=+=+=+=+=+=+=+=+=+=+=+=+=+=+=+=+=+=+=+=+=+=+=+=+=+=+=+=+=+=+=+=+=+=+=+=+

06/08-16:35:17.397605 172.20.0.2:50366 -> 172.24.0.3:3100
TCP TTL:64 TOS:0x0 ID:25307 IpLen:20 DgmLen:52 DF
***A**** Seq: 0xFFF9E946  Ack: 0xAB9AD6B3  Win: 0x1F5  TcpLen: 32
TCP Options (3) => NOP NOP TS: 1921367896 2460468895 
=+=+=+=+=+=+=+=+=+=+=+=+=+=+=+=+=+=+=+=+=+=+=+=+=+=+=+=+=+=+=+=+=+=+=+=+=+

06/08-16:35:20.584504 172.20.0.2:50374 -> 172.24.0.3:3100
TCP TTL:64 TOS:0x0 ID:40332 IpLen:20 DgmLen:60 DF
******S* Seq: 0x2645E408  Ack: 0x0  Win: 0xFAF0  TcpLen: 40
TCP Options (5) => MSS: 1460 SackOK TS: 1921371083 0 NOP WS: 7 
=+=+=+=+=+=+=+=+=+=+=+=+=+=+=+=+=+=+=+=+=+=+=+=+=+=+=+=+=+=+=+=+=+=+=+=+=+

06/08-16:35:20.584570 172.24.0.3:3100 -> 172.20.0.2:50374
TCP TTL:64 TOS:0x0 ID:0 IpLen:20 DgmLen:60 DF
***A**S* Seq: 0x70E9A021  Ack: 0x2645E409  Win: 0xFE88  TcpLen: 40
TCP Options (5) => MSS: 1460 SackOK TS: 2460472082 1921371083 
TCP Options => NOP WS: 7 
=+=+=+=+=+=+=+=+=+=+=+=+=+=+=+=+=+=+=+=+=+=+=+=+=+=+=+=+=+=+=+=+=+=+=+=+=+

06/08-16:35:20.584586 172.20.0.2:50374 -> 172.24.0.3:3100
TCP TTL:64 TOS:0x0 ID:40333 IpLen:20 DgmLen:52 DF
***A**** Seq: 0x2645E409  Ack: 0x70E9A022  Win: 0x1F6  TcpLen: 32
TCP Options (3) => NOP NOP TS: 1921371083 2460472082 
=+=+=+=+=+=+=+=+=+=+=+=+=+=+=+=+=+=+=+=+=+=+=+=+=+=+=+=+=+=+=+=+=+=+=+=+=+

06/08-16:35:20.584640 172.20.0.2:50374 -> 172.24.0.3:3100
TCP TTL:64 TOS:0x0 ID:40334 IpLen:20 DgmLen:253 DF
***AP*** Seq: 0x2645E409  Ack: 0x70E9A022  Win: 0x1F6  TcpLen: 32
TCP Options (3) => NOP NOP TS: 1921371083 2460472082 
=+=+=+=+=+=+=+=+=+=+=+=+=+=+=+=+=+=+=+=+=+=+=+=+=+=+=+=+=+=+=+=+=+=+=+=+=+

06/08-16:35:20.584645 172.24.0.3:3100 -> 172.20.0.2:50374
TCP TTL:64 T(snort_decoder) WARNING: IP dgm len > captured len
