Running in IDS mode

        --== Initializing Snort ==--
Initializing Output Plugins!
Initializing Preprocessors!
Initializing Plug-ins!
Parsing Rules file "/etc/snort/snort.conf"
Tagged Packet Limit: 256
Log directory = /var/log/snort
      Max Expected Streams: 768
Stream global config:
    Track TCP sessions: ACTIVE
    Max TCP sessions: 262144
    TCP cache pruning timeout: 30 seconds
    TCP cache nominal timeout: 180 seconds
    Memcap (for reassembly packet storage): 8388608
    Track UDP sessions: ACTIVE
    Max UDP sessions: 131072
    UDP cache pruning timeout: 30 seconds
    UDP cache nominal timeout: 180 seconds
    Track ICMP sessions: INACTIVE
    Track IP sessions: INACTIVE
    Log info if session memory consumption exceeds 1048576
    Send up to 0 active responses
    Protocol Aware Flushing: ACTIVE
        Maximum Flush Point: 16384
Stream TCP Policy config:
    Bound Address: default
    Reassembly Policy: LINUX
    Timeout: 180 seconds
    Limit on TCP Overlaps: 10
    Maximum number of bytes to queue per session: 1048576
    Maximum number of segs to queue per session: 2621
    Options:
        Require 3-Way Handshake: YES
        3-Way Handshake Timeout: 180
        Detect Anomalies: YES
    Reassembly Ports:
Frag3 global config:
    Max frags: 65536
    Fragment memory cap: 4194304 bytes
HttpInspect Config:
    GLOBAL CONFIG
      Detect Proxy Usage:       NO
      IIS Unicode Map Filename: /etc/snort/unicode.map
      IIS Unicode Map Codepage: 1252
      Memcap used for logging URI and Hostname: 150994944
      Max Gzip Memory: 838860
      Max Gzip Sessions: 1613
      Gzip Compress Depth: 1460
      Gzip Decompress Depth: 2920
    DEFAULT SERVER CONFIG:
      Server profile: All
      Ports (PAF): 80 8080 8180 
      Server Flow Depth: 300
      Client Flow Depth: 300
      Max Chunk Length: 500000
      Max Header Field Length: 0
      Max Number Header Fields: 0
      Max Number of WhiteSpaces allowed with header folding: 200
      Inspect Pipeline Requests: YES
      URI Discovery Strict Mode: NO
      Allow Proxy Usage: NO
      Disable Alerting: NO
      Oversize Dir Length: 0
      Only inspect URI: NO
      Normalize HTTP Headers: NO
      Inspect HTTP Cookies: NO
      Inspect HTTP Responses: NO
      Extract Gzip from responses: NO
      Decompress response files:   
      Unlimited decompression of gzip data from responses: NO
      Normalize Javascripts in HTTP Responses: NO
      Normalize HTTP Cookies: NO
      Enable XFF and True Client IP: NO
      Log HTTP URI data: NO
      Log HTTP Hostname data: NO
      Extended ASCII code support in URI: NO
      Ascii: YES alert: NO
      Double Decoding: YES alert: YES
      %U Encoding: YES alert: YES
      Bare Byte: YES alert: YES
      UTF 8: OFF
      IIS Unicode: YES alert: YES
      Multiple Slash: YES alert: NO
      IIS Backslash: YES alert: NO
      Directory Traversal: YES alert: NO
      Web Root Traversal: YES alert: YES
      Apache WhiteSpace: YES alert: NO
      IIS Delimiter: YES alert: NO
      IIS Unicode Map: GLOBAL IIS UNICODE MAP CONFIG
      Non-RFC Compliant Characters: NONE
      Whitespace Characters: 0x09 0x0b 0x0c 0x0d 
      Legacy mode: NO

+++++++++++++++++++++++++++++++++++++++++++++++++++
Initializing rule chains...
3 Snort rules read
    3 detection rules
    0 decoder rules
    0 preprocessor rules
3 Option Chains linked into 2 Chain Headers
+++++++++++++++++++++++++++++++++++++++++++++++++++

+-------------------[Rule Port Counts]---------------------------------------
|             tcp     udp    icmp      ip
|     src       0       0       0       0
|     dst       1       0       0       0
|     any       2       0       0       0
|      nc       3       0       0       0
|     s+d       0       0       0       0
+----------------------------------------------------------------------------

+-----------------------[detection-filter-config]------------------------------
| memory-cap : 1048576 bytes
+-----------------------[detection-filter-rules]-------------------------------
-------------------------------------------------------------------------------

+-----------------------[rate-filter-config]-----------------------------------
| memory-cap : 1048576 bytes
+-----------------------[rate-filter-rules]------------------------------------
| none
-------------------------------------------------------------------------------

+-----------------------[event-filter-config]----------------------------------
| memory-cap : 1048576 bytes
+-----------------------[event-filter-global]----------------------------------
+-----------------------[event-filter-local]-----------------------------------
| none
+-----------------------[suppression]------------------------------------------
| none
-------------------------------------------------------------------------------
Rule application order: pass->drop->sdrop->reject->alert->log
Verifying Preprocessor Configurations!

[ Port Based Pattern Matching Memory ]
+-[AC-BNFA Search Info Summary]------------------------------
| Instances        : 2
| Patterns         : 4
| Pattern Chars    : 37
| Num States       : 37
| Num Match States : 4
| Memory           :   3.81Kbytes
|   Patterns       :   0.19K
|   Match Lists    :   0.41K
|   Transitions    :   2.41K
+-------------------------------------------------
pcap DAQ configured to passive.
Acquiring network traffic from "eth3".
Reload thread starting...
Reload thread started, thread 0x7f80e3687640 (51)
Decoding Ethernet

        --== Initialization Complete ==--

   ,,_     -*> Snort! <*-
  o"  )~   Version 2.9.15.1 GRE (Build 15125) 
   ''''    By Martin Roesch & The Snort Team: http://www.snort.org/contact#team
           Copyright (C) 2014-2019 Cisco and/or its affiliates. All rights reserved.
           Copyright (C) 1998-2013 Sourcefire, Inc., et al.
           Using libpcap version 1.10.1 (with TPACKET_V3)
           Using PCRE version: 8.39 2016-06-14
           Using ZLIB version: 1.2.11

Commencing packet processing (pid=25)
06/01-17:05:28.604160 172.24.0.2:54912 -> 172.24.0.3:3100
TCP TTL:64 TOS:0x0 ID:4410 IpLen:20 DgmLen:60 DF
******S* Seq: 0x307BB524  Ack: 0x0  Win: 0xFAF0  TcpLen: 40
TCP Options (5) => MSS: 1460 SackOK TS: 30676222 0 NOP WS: 7 
=+=+=+=+=+=+=+=+=+=+=+=+=+=+=+=+=+=+=+=+=+=+=+=+=+=+=+=+=+=+=+=+=+=+=+=+=+

06/01-17:05:28.604562 172.24.0.3:3100 -> 172.24.0.2:54912
TCP TTL:64 TOS:0x0 ID:0 IpLen:20 DgmLen:60 DF
***A**S* Seq: 0xCB3C1546  Ack: 0x307BB525  Win: 0xFE88  TcpLen: 40
TCP Options (5) => MSS: 1460 SackOK TS: 3689931820 30676222 NOP 
TCP Options => WS: 7 
=+=+=+=+=+=+=+=+=+=+=+=+=+=+=+=+=+=+=+=+=+=+=+=+=+=+=+=+=+=+=+=+=+=+=+=+=+

06/01-17:05:28.604632 172.24.0.2:54912 -> 172.24.0.3:3100
TCP TTL:64 TOS:0x0 ID:4411 IpLen:20 DgmLen:52 DF
***A**** Seq: 0x307BB525  Ack: 0xCB3C1547  Win: 0x1F6  TcpLen: 32
TCP Options (3) => NOP NOP TS: 30676222 3689931820 
=+=+=+=+=+=+=+=+=+=+=+=+=+=+=+=+=+=+=+=+=+=+=+=+=+=+=+=+=+=+=+=+=+=+=+=+=+

06/01-17:05:28.605534 172.24.0.2:54912 -> 172.24.0.3:3100
TCP TTL:64 TOS:0x0 ID:4412 IpLen:20 DgmLen:232 DF
***AP*** Seq: 0x307BB525  Ack: 0xCB3C1547  Win: 0x1F6  TcpLen: 32
TCP Options (3) => NOP NOP TS: 30676223 3689931820 
=+=+=+=+=+=+=+=+=+=+=+=+=+=+=+=+=+=+=+=+=+=+=+=+=+=+=+=+=+=+=+=+=+=+=+=+=+

06/01-17:05:28.605559 172.24.0.3:3100 -> 172.24.0.2:54912
TCP TTL:64 TOS:0x0 ID:27653 IpLen:20 DgmLen:52 DF
***A**** Seq: 0xCB3C1547  Ack: 0x307BB5D9  Win: 0x1FC  TcpLen: 32
TCP Options (3) => NOP NOP TS: 3689931821 30676223 
=+=+=+=+=+=+=+=+=+=+=+=+=+=+=+=+=+=+=+=+=+=+=+=+=+=+=+=+=+=+=+=+=+=+=+=+=+

06/01-17:05:28.612475 172.24.0.3:3100 -> 172.24.0.2:54912
TCP TTL:64 TOS:0x0 ID:27654 IpLen:20 DgmLen:234 DF
***AP*** Seq: 0xCB3C1547  Ack: 0x307BB5D9  Win: 0x1FC  TcpLen: 32
TCP Options (3) => NOP NOP TS: 3689931828 30676223 
=+=+=+=+=+=+=+=+=+=+=+=+=+=+=+=+=+=+=+=+=+=+=+=+=+=+=+=+=+=+=+=+=+=+=+=+=+

06/01-17:05:28.612502 172.24.0.2:54912 -> 172.24.0.3:3100
TCP TTL:64 TOS:0x0 ID:4413 IpLen:20 DgmLen:52 DF
***A**** Seq: 0x307BB5D9  Ack: 0xCB3C15FD  Win: 0x1F5  TcpLen: 32
TCP Options (3) => NOP NOP TS: 30676230 3689931828 
=+=+=+=+=+=+=+=+=+=+=+=+=+=+=+=+=+=+=+=+=+=+=+=+=+=+=+=+=+=+=+=+=+=+=+=+=+

06/01-17:05:28.612644 172.24.0.3:3100 -> 172.24.0.2:54912
TCP TTL:64 TOS:0x0 ID:27655 IpLen:20 DgmLen:259 DF
***AP*** Seq: 0xCB3C15FD  Ack: 0x307BB5D9  Win: 0x1FC  TcpLen: 32
TCP Options (3) => NOP NOP TS: 3689931828 30676230 
=+=+=+=+=+=+=+=+=+=+=+=+=+=+=+=+=+=+=+=+=+=+=+=+=+=+=+=+=+=+=+=+=+=+=+=+=+

06/01-17:05:28.612654 172.24.0.2:54912 -> 172.24.0.3:3100
TCP TTL:64 TOS:0x0 ID:4414 IpLen:20 DgmLen:52 DF
***A**** Seq: 0x307BB5D9  Ack: 0xCB3C16CC  Win: 0x1F5  TcpLen: 32
TCP Options (3) => NOP NOP TS: 30676230 3689931828 
=+=+=+=+=+=+=+=+=+=+=+=+=+=+=+=+=+=+=+=+=+=+=+=+=+=+=+=+=+=+=+=+=+=+=+=+=+

06/01-17:05:28.613639 172.24.0.2:54912 -> 172.24.0.3:3100
TCP TTL:64 TOS:0x0 ID:4415 IpLen:20 DgmLen:52 DF
***A***F Seq: 0x307BB5D9  Ack: 0xCB3C16CC  Win: 0x1F5  TcpLen: 32
TCP Options (3) => NOP NOP TS: 30676231 3689931828 
=+=+=+=+=+=+=+=+=+=+=+=+=+=+=+=+=+=+=+=+=+=+=+=+=+=+=+=+=+=+=+=+=+=+=+=+=+

06/01-17:05:28.614150 172.24.0.3:3100 -> 172.24.0.2:54912
TCP TTL:64 TOS:0x0 ID:27656 IpLen:20 DgmLen:52 DF
***A***F Seq: 0xCB3C16CC  Ack: 0x307BB5DA  Win: 0x1FC  TcpLen: 32
TCP Options (3) => NOP NOP TS: 3689931830 30676231 
=+=+=+=+=+=+=+=+=+=+=+=+=+=+=+=+=+=+=+=+=+=+=+=+=+=+=+=+=+=+=+=+=+=+=+=+=+

06/01-17:05:28.614176 172.24.0.2:54912 -> 172.24.0.3:3100
TCP TTL:64 TOS:0x0 ID:4416 IpLen:20 DgmLen:52 DF
***A**** Seq: 0x307BB5DA  Ack: 0xCB3C16CD  Win: 0x1F5  TcpLen: 32
TCP Options (3) => NOP NOP TS: 30676232 3689931830 
=+=+=+=+=+=+=+=+=+=+=+=+=+=+=+=+=+=+=+=+=+=+=+=+=+=+=+=+=+=+=+=+=+=+=+=+=+

06/01-17:05:28.638013 172.24.0.2 -> 172.24.0.3
ICMP TTL:64 TOS:0x0 ID:1404 IpLen:20 DgmLen:55 DF
Type:8  Code:0  ID:12288   Seq:512  ECHO
=+=+=+=+=+=+=+=+=+=+=+=+=+=+=+=+=+=+=+=+=+=+=+=+=+=+=+=+=+=+=+=+=+=+=+=+=+

06/01-17:05:28.638312 172.24.0.3 -> 172.24.0.2
ICMP TTL:64 TOS:0x0 ID:20043 IpLen:20 DgmLen:55
Type:0  Code:0  ID:12288  Seq:512  ECHO REPLY
=+=+=+=+=+=+=+=+=+=+=+=+=+=+=+=+=+=+=+=+=+=+=+=+=+=+=+=+=+=+=+=+=+=+=+=+=+

06/01-17:12:03.800608 172.24.0.2:36778 -> 172.24.0.3:3100
TCP TTL:64 TOS:0x0 ID:18537 IpLen:20 DgmLen:60 DF
******S* Seq: 0x73E3464  Ack: 0x0  Win: 0xFAF0  TcpLen: 40
TCP Options (5) => MSS: 1460 SackOK TS: 31071461 0 NOP WS: 7 
=+=+=+=+=+=+=+=+=+=+=+=+=+=+=+=+=+=+=+=+=+=+=+=+=+=+=+=+=+=+=+=+=+=+=+=+=+

06/01-17:12:03.800720 172.24.0.2:36778 -> 172.24.0.3:3100
TCP TTL:64 TOS:0x0 ID:18537 IpLen:20 DgmLen:60 DF
******S* Seq: 0x73E3464  Ack: 0x0  Win: 0xFAF0  TcpLen: 40
TCP Options (5) => MSS: 1460 SackOK TS: 31071461 0 NOP WS: 7 
=+=+=+=+=+=+=+=+=+=+=+=+=+=+=+=+=+=+=+=+=+=+=+=+=+=+=+=+=+=+=+=+=+=+=+=+=+

06/01-17:12:03.800728 172.24.0.3:3100 -> 172.24.0.2:36778
TCP TTL:64 TOS:0x0 ID:0 IpLen:20 DgmLen:60 DF
***A**S* Seq: 0xBB28013A  Ack: 0x73E3465  Win: 0xFE88  TcpLen: 40
TCP Options (5) => MSS: 1460 SackOK TS: 3690327059 31071461 NOP 
TCP Options => WS: 7 
=+=+=+=+=+=+=+=+=+=+=+=+=+=+=+=+=+=+=+=+=+=+=+=+=+=+=+=+=+=+=+=+=+=+=+=+=+

06/01-17:12:03.800771 172.24.0.2:36778 -> 172.24.0.3:3100
TCP TTL:64 TOS:0x0 ID:18538 IpLen:20 DgmLen:52 DF
***A**** Seq: 0x73E3465  Ack: 0xBB28013B  Win: 0x1F6  TcpLen: 32
TCP Options (3) => NOP NOP TS: 31071461 3690327059 
=+=+=+=+=+=+=+=+=+=+=+=+=+=+=+=+=+=+=+=+=+=+=+=+=+=+=+=+=+=+=+=+=+=+=+=+=+

06/01-17:12:03.801212 172.24.0.2:36778 -> 172.24.0.3:3100
TCP TTL:64 TOS:0x0 ID:18539 IpLen:20 DgmLen:304 DF
***AP*** Seq: 0x73E3465  Ack: 0xBB28013B  Win: 0x1F6  TcpLen: 32
TCP Options (3) => NOP NOP TS: 31071462 3690327059 
=+=+=+=+=+=+=+=+=+=+=+=+=+=+=+=+=+=+=+=+=+=+=+=+=+=+=+=+=+=+=+=+=+=+=+=+=+

06/01-17:12:03.801234 172.24.0.3:3100 -> 172.24.0.2:36778
TCP TTL:64 TOS:0x0 ID:29199 IpLen:20 DgmLen:52 DF
***A**** Seq: 0xBB28013B  Ack: 0x73E3561  Win: 0x1FC  TcpLen: 32
TCP Options (3) => NOP NOP TS: 3690327060 31071462 
=+=+=+=+=+=+=+=+=+=+=+=+=+=+=+=+=+=+=+=+=+=+=+=+=+=+=+=+=+=+=+=+=+=+=+=+=+

06/01-17:12:03.801551 172.24.0.2:36778 -> 172.24.0.3:3100
TCP TTL:64 TOS:0x0 ID:18540 IpLen:20 DgmLen:157 DF
***AP*** Seq: 0x73E3561  Ack: 0xBB28013B  Win: 0x1F6  TcpLen: 32
TCP Options (3) => NOP NOP TS: 31071462 3690327060 
=+=+=+=+=+=+=+=+=+=+=+=+=+=+=+=+=+=+=+=+=+=+=+=+=+=+=+=+=+=+=+=+=+=+=+=+=+

06/01-17:12:03.801570 172.24.0.3:3100 -> 172.24.0.2:36778
TCP TTL:64 TOS:0x0 ID:29200 IpLen:20 DgmLen:52 DF
***A**** Seq: 0xBB28013B  Ack: 0x73E35CA  Win: 0x1FC  TcpLen: 32
TCP Options (3) => NOP NOP TS: 3690327060 31071462 
=+=+=+=+=+=+=+=+=+=+=+=+=+=+=+=+=+=+=+=+=+=+=+=+=+=+=+=+=+=+=+=+=+=+=+=+=+

06/01-17:12:03.841002 172.24.0.3:3100 -> 172.24.0.2:36778
TCP TTL:64 TOS:0x0 ID:29201 IpLen:20 DgmLen:225 DF
***AP*** Seq: 0xBB28013B  Ack: 0x73E35CA  Win: 0x1FC  TcpLen: 32
TCP Options (3) => NOP NOP TS: 3690327099 31071462 
=+=+=+=+=+=+=+=+=+=+=+=+=+=+=+=+=+=+=+=+=+=+=+=+=+=+=+=+=+=+=+=+=+=+=+=+=+

06/01-17:12:03.841024 172.24.0.2:36778 -> 172.24.0.3:3100
TCP TTL:64 TOS:0x0 ID:18541 IpLen:20 DgmLen:52 DF
***A**** Seq: 0x73E35CA  Ack: 0xBB2801E8  Win: 0x1F5  TcpLen: 32
TCP Options (3) => NOP NOP TS: 31071501 3690327099 
=+=+=+=+=+=+=+=+=+=+=+=+=+=+=+=+=+=+=+=+=+=+=+=+=+=+=+=+=+=+=+=+=+=+=+=+=+

06/01-17:12:03.841137 172.24.0.3:3100 -> 172.24.0.2:36778
TCP TTL:64 TOS:0x0 ID:29202 IpLen:20 DgmLen:126 DF
***AP*** Seq: 0xBB2801E8  Ack: 0x73E35CA  Win: 0x1FC  TcpLen: 32
TCP Options (3) => NOP NOP TS: 3690327100 31071501 
=+=+=+=+=+=+=+=+=+=+=+=+=+=+=+=+=+=+=+=+=+=+=+=+=+=+=+=+=+=+=+=+=+=+=+=+=+

06/01-17:12:03.841145 172.24.0.2:36778 -> 172.24.0.3:3100
TCP TTL:64 TOS:0x0 ID:18542 IpLen:20 DgmLen:52 DF
***A**** Seq: 0x73E35CA  Ack: 0xBB280232  Win: 0x1F5  TcpLen: 32
TCP Options (3) => NOP NOP TS: 31071502 3690327100 
=+=+=+=+=+=+=+=+=+=+=+=+=+=+=+=+=+=+=+=+=+=+=+=+=+=+=+=+=+=+=+=+=+=+=+=+=+

06/01-17:12:03.842192 172.24.0.2:36778 -> 172.24.0.3:3100
TCP TTL:64 TOS:0x0 ID:18543 IpLen:20 DgmLen:52 DF
***A***F Seq: 0x73E35CA  Ack: 0xBB280232  Win: 0x1F5  TcpLen: 32
TCP Options (3) => NOP NOP TS: 31071503 3690327100 
=+=+=+=+=+=+=+=+=+=+=+=+=+=+=+=+=+=+=+=+=+=+=+=+=+=+=+=+=+=+=+=+=+=+=+=+=+

06/01-17:12:03.842488 172.24.0.3:3100 -> 172.24.0.2:36778
TCP TTL:64 TOS:0x0 ID:29203 IpLen:20 DgmLen:52 DF
***A***F Seq: 0xBB280232  Ack: 0x73E35CB