Running in IDS mode

        --== Initializing Snort ==--
Initializing Output Plugins!
Initializing Preprocessors!
Initializing Plug-ins!
Parsing Rules file "/etc/snort/snort.conf"
Tagged Packet Limit: 256
Log directory = /var/log/snort
      Max Expected Streams: 768
Stream global config:
    Track TCP sessions: ACTIVE
    Max TCP sessions: 262144
    TCP cache pruning timeout: 30 seconds
    TCP cache nominal timeout: 180 seconds
    Memcap (for reassembly packet storage): 8388608
    Track UDP sessions: ACTIVE
    Max UDP sessions: 131072
    UDP cache pruning timeout: 30 seconds
    UDP cache nominal timeout: 180 seconds
    Track ICMP sessions: INACTIVE
    Track IP sessions: INACTIVE
    Log info if session memory consumption exceeds 1048576
    Send up to 0 active responses
    Protocol Aware Flushing: ACTIVE
        Maximum Flush Point: 16384
Stream TCP Policy config:
    Bound Address: default
    Reassembly Policy: LINUX
    Timeout: 180 seconds
    Limit on TCP Overlaps: 10
    Maximum number of bytes to queue per session: 1048576
    Maximum number of segs to queue per session: 2621
    Options:
        Require 3-Way Handshake: YES
        3-Way Handshake Timeout: 180
        Detect Anomalies: YES
    Reassembly Ports:
Frag3 global config:
    Max frags: 65536
    Fragment memory cap: 4194304 bytes
HttpInspect Config:
    GLOBAL CONFIG
      Detect Proxy Usage:       NO
      IIS Unicode Map Filename: /etc/snort/unicode.map
      IIS Unicode Map Codepage: 1252
      Memcap used for logging URI and Hostname: 150994944
      Max Gzip Memory: 838860
      Max Gzip Sessions: 1613
      Gzip Compress Depth: 1460
      Gzip Decompress Depth: 2920
    DEFAULT SERVER CONFIG:
      Server profile: All
      Ports (PAF): 80 8080 8180 
      Server Flow Depth: 300
      Client Flow Depth: 300
      Max Chunk Length: 500000
      Max Header Field Length: 0
      Max Number Header Fields: 0
      Max Number of WhiteSpaces allowed with header folding: 200
      Inspect Pipeline Requests: YES
      URI Discovery Strict Mode: NO
      Allow Proxy Usage: NO
      Disable Alerting: NO
      Oversize Dir Length: 0
      Only inspect URI: NO
      Normalize HTTP Headers: NO
      Inspect HTTP Cookies: NO
      Inspect HTTP Responses: NO
      Extract Gzip from responses: NO
      Decompress response files:   
      Unlimited decompression of gzip data from responses: NO
      Normalize Javascripts in HTTP Responses: NO
      Normalize HTTP Cookies: NO
      Enable XFF and True Client IP: NO
      Log HTTP URI data: NO
      Log HTTP Hostname data: NO
      Extended ASCII code support in URI: NO
      Ascii: YES alert: NO
      Double Decoding: YES alert: YES
      %U Encoding: YES alert: YES
      Bare Byte: YES alert: YES
      UTF 8: OFF
      IIS Unicode: YES alert: YES
      Multiple Slash: YES alert: NO
      IIS Backslash: YES alert: NO
      Directory Traversal: YES alert: NO
      Web Root Traversal: YES alert: YES
      Apache WhiteSpace: YES alert: NO
      IIS Delimiter: YES alert: NO
      IIS Unicode Map: GLOBAL IIS UNICODE MAP CONFIG
      Non-RFC Compliant Characters: NONE
      Whitespace Characters: 0x09 0x0b 0x0c 0x0d 
      Legacy mode: NO

+++++++++++++++++++++++++++++++++++++++++++++++++++
Initializing rule chains...
WARNING: /etc/snort/rules/local.rules(4) threshold (in rule) is deprecated; use detection_filter instead.

5 Snort rules read
    5 detection rules
    0 decoder rules
    0 preprocessor rules
5 Option Chains linked into 4 Chain Headers
+++++++++++++++++++++++++++++++++++++++++++++++++++

+-------------------[Rule Port Counts]---------------------------------------
|             tcp     udp    icmp      ip
|     src       0       0       0       0
|     dst       3       0       0       0
|     any       2       0       0       0
|      nc       4       0       0       0
|     s+d       0       0       0       0
+----------------------------------------------------------------------------

+-----------------------[detection-filter-config]------------------------------
| memory-cap : 1048576 bytes
+-----------------------[detection-filter-rules]-------------------------------
-------------------------------------------------------------------------------

+-----------------------[rate-filter-config]-----------------------------------
| memory-cap : 1048576 bytes
+-----------------------[rate-filter-rules]------------------------------------
| none
-------------------------------------------------------------------------------

+-----------------------[event-filter-config]----------------------------------
| memory-cap : 1048576 bytes
+-----------------------[event-filter-global]----------------------------------
| none
+-----------------------[event-filter-local]-----------------------------------
| gen-id=1      sig-id=1000005    type=Both      tracking=src count=3   seconds=3  
+-----------------------[suppression]------------------------------------------
| none
-------------------------------------------------------------------------------
Rule application order: pass->drop->sdrop->reject->alert->log
Verifying Preprocessor Configurations!

[ Port Based Pattern Matching Memory ]
+-[AC-BNFA Search Info Summary]------------------------------
| Instances        : 3
| Patterns         : 5
| Pattern Chars    : 51
| Num States       : 51
| Num Match States : 5
| Memory           :   5.56Kbytes
|   Patterns       :   0.24K
|   Match Lists    :   0.55K
|   Transitions    :   3.57K
+-------------------------------------------------
pcap DAQ configured to passive.
Acquiring network traffic from "eth0".
Reload thread starting...
Reload thread started, thread 0x7f32e5293640 (42)
Decoding Ethernet

        --== Initialization Complete ==--

   ,,_     -*> Snort! <*-
  o"  )~   Version 2.9.15.1 GRE (Build 15125) 
   ''''    By Martin Roesch & The Snort Team: http://www.snort.org/contact#team
           Copyright (C) 2014-2019 Cisco and/or its affiliates. All rights reserved.
           Copyright (C) 1998-2013 Sourcefire, Inc., et al.
           Using libpcap version 1.10.1 (with TPACKET_V3)
           Using PCRE version: 8.39 2016-06-14
           Using ZLIB version: 1.2.11

Commencing packet processing (pid=23)
06/05-21:58:08.329983 172.21.0.2:47100 -> 172.24.0.3:3100
TCP TTL:64 TOS:0x0 ID:48143 IpLen:20 DgmLen:60 DF
******S* Seq: 0x7D108995  Ack: 0x0  Win: 0xFAF0  TcpLen: 40
TCP Options (5) => MSS: 1460 SackOK TS: 3811237231 0 NOP WS: 7 
=+=+=+=+=+=+=+=+=+=+=+=+=+=+=+=+=+=+=+=+=+=+=+=+=+=+=+=+=+=+=+=+=+=+=+=+=+

06/05-21:58:08.330057 172.24.0.3:3100 -> 172.21.0.2:47100
TCP TTL:64 TOS:0x0 ID:0 IpLen:20 DgmLen:60 DF
***A**S* Seq: 0x14F4C23A  Ack: 0x7D108996  Win: 0xFE88  TcpLen: 40
TCP Options (5) => MSS: 1460 SackOK TS: 3543944603 3811237231 
TCP Options => NOP WS: 7 
=+=+=+=+=+=+=+=+=+=+=+=+=+=+=+=+=+=+=+=+=+=+=+=+=+=+=+=+=+=+=+=+=+=+=+=+=+

06/05-21:58:08.330070 172.21.0.2:47100 -> 172.24.0.3:3100
TCP TTL:64 TOS:0x0 ID:48144 IpLen:20 DgmLen:52 DF
***A**** Seq: 0x7D108996  Ack: 0x14F4C23B  Win: 0x1F6  TcpLen: 32
TCP Options (3) => NOP NOP TS: 3811237231 3543944603 
=+=+=+=+=+=+=+=+=+=+=+=+=+=+=+=+=+=+=+=+=+=+=+=+=+=+=+=+=+=+=+=+=+=+=+=+=+

06/05-21:58:08.330170 172.21.0.2:47100 -> 172.24.0.3:3100
TCP TTL:64 TOS:0x0 ID:48145 IpLen:20 DgmLen:253 DF
***AP*** Seq: 0x7D108996  Ack: 0x14F4C23B  Win: 0x1F6  TcpLen: 32
TCP Options (3) => NOP NOP TS: 3811237231 3543944603 
=+=+=+=+=+=+=+=+=+=+=+=+=+=+=+=+=+=+=+=+=+=+=+=+=+=+=+=+=+=+=+=+=+=+=+=+=+

06/05-21:58:08.330175 172.24.0.3:3100 -> 172.21.0.2:47100
TCP TTL:64 TOS:0x0 ID:46007 IpLen:20 DgmLen:52 DF
***A**** Seq: 0x14F4C23B  Ack: 0x7D108A5F  Win: 0x1FC  TcpLen: 32
TCP Options (3) => NOP NOP TS: 3543944603 3811237231 
=+=+=+=+=+=+=+=+=+=+=+=+=+=+=+=+=+=+=+=+=+=+=+=+=+=+=+=(snort_decoder) WARNING: IP dgm len > captured len
+=+=+=+=+=+=+=+=+=+

06/05-21:58:08.331046 172.21.0.2:47100 -> 172.24.0.3:3100
TCP TTL:64 TOS:0x0 ID:48146 IpLen:20 DgmLen:52 DF
***A**** Seq: 0x7D108A5F  Ack: 0x14F4D1AD  Win: 0x1EC  TcpLen: 32
TCP Options (3) => NOP NOP TS: 3811237232 3543944604 
=+=+=+=+=+=+=+=+=+=+=+=+=+=+=+=+=+=+=+=+=+=+=+=+=+=+=+=+=+=+=+=+=+=+=+=+=+

06/05-21:58:08.331303 172.21.0.2:47100 -> 172.24.0.3:3100
TCP TTL:64 TOS:0x0 ID:48147 IpLen:20 DgmLen:52 DF
***A***F Seq: 0x7D108A5F  Ack: 0x14F4D1AD  Win: 0x1F5  TcpLen: 32
TCP Options (3) => NOP NOP TS: 3811237232 3543944604 
=+=+=+=+=+=+=+=+=+=+=+=+=+=+=+=+=+=+=+=+=+=+=+=+=+=+=+=+=+=+=+=+=+=+=+=+=+

06/05-21:58:08.331738 172.24.0.3:3100 -> 172.21.0.2:47100
TCP TTL:64 TOS:0x0 ID:46011 IpLen:20 DgmLen:52 DF
***A***F Seq: 0x14F4D1AD  Ack: 0x7D108A60  Win: 0x1FC  TcpLen: 32
TCP Options (3) => NOP NOP TS: 3543944605 3811237232 
=+=+=+=+=+=+=+=+=+=+=+=+=+=+=+=+=+=+=+=+=+=+=+=+=+=+=+=+=+=+=+=+=+=+=+=+=+

06/05-21:58:08.331760 172.21.0.2:47100 -> 172.24.0.3:3100
TCP TTL:64 TOS:0x0 ID:48148 IpLen:20 DgmLen:52 DF
***A**** Seq: 0x7D108A60  Ack: 0x14F4D1AE  Win: 0x1F5  TcpLen: 32
TCP Options (3) => NOP NOP TS: 3811237233 3543944605 
=+=+=+=+=+=+=+=+=+=+=+=+=+=+=+=+=+=+=+=+=+=+=+=+=+=+=+=+=+=+=+=+=+=+=+=+=+

06/05-21:58:08.344577 172.21.0.2:47110 -> 172.24.0.3:3100
TCP TTL:64 TOS:0x0 ID:50326 IpLen:20 DgmLen:60 DF
******S* Seq: 0x5F539976  Ack: 0x0  Win: 0xFAF0  TcpLen: 40
TCP Options (5) => MSS: 1460 SackOK TS: 3811237246 0 NOP WS: 7 
=+=+=+=+=+=+=+=+=+=+=+=+=+=+=+=+=+=+=+=+=+=+=+=+=+=+=+=+=+=+=+=+=+=+=+=+=+

06/05-21:58:08.344603 172.24.0.3:3100 -> 172.21.0.2:47110
TCP TTL:64 TOS:0x0 ID:0 IpLen:20 DgmLen:60 DF
***A**S* Seq: 0xB6D20853  Ack: 0x5F539977  Win: 0xFE88  TcpLen: 40
TCP Options (5) => MSS: 1460 SackOK TS: 3543944618 3811237246 
TCP Options => NOP WS: 7 
=+=+=+=+=+=+=+=+=+=+=+=+=+=+=+=+=+=+=+=+=+=+=+=+=+=+=+=+=+=+=+=+=+=+=+=+=+

06/05-21:58:08.344617 172.21.0.2:47110 -> 172.24.0.3:3100
TCP TTL:64 TOS:0x0 ID:50327 IpLen:20 DgmLen:52 DF
***A**** Seq: 0x5F539977  Ack: 0xB6D20854  Win: 0x1F6  TcpLen: 32
TCP Options (3) => NOP NOP TS: 3811237246 3543944618 
=+=+=+=+=+=+=+=+=+=+=+=+=+=+=+=+=+=+=+=+=+=+=+=+=+=+=+=+=+=+=+=+=+=+=+=+=+

06/05-21:58:08.344679 172.21.0.2:47110 -> 172.24.0.3:3100
TCP TTL:64 TOS:0x0 ID:50328 IpLen:20 DgmLen:253 DF
***AP*** Seq: 0x5F539977  Ack: 0xB6D20854  Win: 0x1F6  TcpLen: 32
TCP Options (3) => NOP NOP TS: 3811237246 3543944618 
=+=+=+=+=+=+=+=+=+=+=+=+=+=+=+=+=+=+=+=+=+=+=+=+=+=+=+=+=+=+=+=+=+=+=+=+=+

06/05-21:58:08.344684 172.24.0.3:3100 -> 172.21.0.2:47110
TCP TTL:64 T(snort_decoder) WARNING: IP dgm len > captured len
OS:0x0 ID:25526 IpLen:20 DgmLen:52 DF
***A**** Seq: 0xB6D20854  Ack: 0x5F539A40  Win: 0x1FC  TcpLen: 32
TCP Options (3) => NOP NOP TS: 3543944618 3811237246 
=+=+=+=+=+=+=+=+=+=+=+=+=+=+=+=+=+=+=+=+=+=+=+=+=+=+=+=+=+=+=+=+=+=+=+=+=+

06/05-21:58:08.345019 172.21.0.2:47110 -> 172.24.0.3:3100
TCP TTL:64 TOS:0x0 ID:50329 IpLen:20 DgmLen:52 DF
***A**** Seq: 0x5F539A40  Ack: 0xB6D217C6  Win: 0x1EC  TcpLen: 32
TCP Options (3) => NOP NOP TS: 3811237246 3543944618 
=+=+=+=+=+=+=+=+=+=+=+=+=+=+=+=+=+=+=+=+=+=+=+=+=+=+=+=+=+=+=+=+=+=+=+=+=+

06/05-21:58:08.345304 172.21.0.2:47110 -> 172.24.0.3:3100
TCP TTL:64 TOS:0x0 ID:50330 IpLen:20 DgmLen:52 DF
***A***F Seq: 0x5F539A40  Ack: 0xB6D217C6  Win: 0x1F5  TcpLen: 32
TCP Options (3) => NOP NOP TS: 3811237246 3543944618 
=+=+=+=+=+=+=+=+=+=+=+=+=+=+=+=+=+=+=+=+=+=+=+=+=+=+=+=+=+=+=+=+=+=+=+=+=+

06/05-21:58:08.345588 172.24.0.3:3100 -> 172.21.0.2:47110
TCP TTL:64 TOS:0x0 ID:25530 IpLen:20 DgmLen:52 DF
***A***F Seq: 0xB6D217C6  Ack: 0x5F539A41  Win: 0x1FC  TcpLen: 32
TCP Options (3) => NOP NOP TS: 3543944619 3811237246 
=+=+=+=+=+=+=+=+=+=+=+=+=+=+=+=+=+=+=+=+=+=+=+=+=+=+=+=+=+=+=+=+=+=+=+=+=+

06/05-21:58:08.345650 172.21.0.2:47110 -> 172.24.0.3:3100
TCP TTL:64 TOS:0x0 ID:50331 IpLen:20 DgmLen:52 DF
***A**** Seq: 0x5F539A41  Ack: 0xB6D217C7  Win: 0x1F5  TcpLen: 32
TCP Options (3) => NOP NOP TS: 3811237247 3543944619 
=+=+=+=+=+=+=+=+=+=+=+=+=+=+=+=+=+=+=+=+=+=+=+=+=+=+=+=+=+=+=+=+=+=+=+=+=+

06/05-21:58:08.353380 172.21.0.2:47116 -> 172.24.0.3:3100
TCP TTL:64 TOS:0x0 ID:49066 IpLen:20 DgmLen:60 DF
******S* Seq: 0xFE925CA2  Ack: 0x0  Win: 0xFAF0  TcpLen: 40
TCP Options (5) => MSS: 1460 SackOK TS: 3811237255 0 NOP WS: 7 
=+=+=+=+=+=+=+=+=+=+=+=+=+=+=+=+=+=+=+=+=+=+=+=+=+=+=+=+=+=+=+=+=+=+=+=+=+

06/05-21:58:08.353400 172.24.0.3:3100 -> 172.21.0.2:47116
TCP TTL:64 TOS:0x0 ID:0 IpLen:20 DgmLen:60 DF
***A**S* Seq: 0x3F10EDDF  Ack: 0xFE925CA3  Win: 0xFE88  TcpLen: 40
TCP Options (5) => MSS: 1460 SackOK TS: 3543944627 3811237255 
TCP Options => NOP WS: 7 
=+=+=+=+=+=+=+=+=+=+=+=+=+=+=+=+=+=+=+=+=+=+=+=+=+=+=+=+=+=+=+=+=+=+=+=+=+

06/05-21:58:08.353413 172.21.0.2:47116 -> 172.24.0.3:3100
TCP TTL:64 TOS:0x0 ID:49067 IpLen:20 DgmLen:52 DF
***A**** Seq: 0xFE925CA3  Ack: 0x3F10EDE0  Win: 0x1F6  TcpLen: 32
TCP Options (3) => NOP NOP TS: 3811237255 3543944627 
=+=+=+=+=+=+=+=+=+=+=+=+=+=+=+=+=+=+=+=+=+=+=+=+=+=+=+=+=+=+=+=+=+=+=+=+=+

06/05-21:58:08.353499 172.21.0.2:47116 -> 172.24.0.3:3100
TCP TTL:64 TOS:0x0 ID:49068 IpLen:20 DgmLen:253 DF
***AP*** Seq: 0xFE925CA3  Ack: 0x3F10EDE0  Win: 0x1F6(snort_decoder) WARNING: IP dgm len > captured len
  TcpLen: 32
TCP Options (3) => NOP NOP TS: 3811237255 3543944627 
=+=+=+=+=+=+=+=+=+=+=+=+=+=+=+=+=+=+=+=+=+=+=+=+=+=+=+=+=+=+=+=+=+=+=+=+=+

06/05-21:58:08.353504 172.24.0.3:3100 -> 172.21.0.2:47116
TCP TTL:64 TOS:0x0 ID:47695 IpLen:20 DgmLen:52 DF
***A**** Seq: 0x3F10EDE0  Ack: 0xFE925D6C  Win: 0x1FC  TcpLen: 32
TCP Options (3) => NOP NOP TS: 3543944627 3811237255 
=+=+=+=+=+=+=+=+=+=+=+=+=+=+=+=+=+=+=+=+=+=+=+=+=+=+=+=+=+=+=+=+=+=+=+=+=+

06/05-21:58:08.354635 172.21.0.2:47116 -> 172.24.0.3:3100
TCP TTL:64 TOS:0x0 ID:49069 IpLen:20 DgmLen:52 DF
***A**** Seq: 0xFE925D6C  Ack: 0x3F10FD52  Win: 0x1EC  TcpLen: 32
TCP Options (3) => NOP NOP TS: 3811237256 3543944628 
=+=+=+=+=+=+=+=+=+=+=+=+=+=+=+=+=+=+=+=+=+=+=+=+=+=+=+=+=+=+=+=+=+=+=+=+=+

06/05-21:58:08.355095 172.21.0.2:47116 -> 172.24.0.3:3100
TCP TTL:64 TOS:0x0 ID:49070 IpLen:20 DgmLen:52 DF
***A***F Seq: 0xFE925D6C  Ack: 0x3F10FD52  Win: 0x1F5  TcpLen: 32
TCP Options (3) => NOP NOP TS: 3811237256 3543944628 
=+=+=+=+=+=+=+=+=+=+=+=+=+=+=+=+=+=+=+=+=+=+=+=+=+=+=+=+=+=+=+=+=+=+=+=+=+

06/05-21:58:08.355299 172.24.0.3:3100 -> 172.21.0.2:47116
TCP TTL:64 TOS:0x0 ID:47699 IpLen:20 DgmLen:52 DF
***A***F Seq: 0x3F10FD52  Ack: 0xFE925D6D  Win: 0x1FC  TcpLen: 32
TCP Options (3) => NOP NOP TS: 3543944628 3811237256 
=+=+=+=+=+=+=+=+=+=+=+=+=+=+=+=+=+=+=+=+=+=+=+=+=+=+=+=+=+=+=+=+=+=+=+=+=+

06/05-21:58:08.355338 172.21.0.2:47116 -> 172.24.0.3:3100
TCP TTL:64 TOS:0x0 ID:49071 IpLen:20 DgmLen:52 DF
***A**** Seq: 0xFE925D6D  Ack: 0x3F10FD53  Win: 0x1F5  TcpLen: 32
TCP