Running in IDS mode

        --== Initializing Snort ==--
Initializing Output Plugins!
Initializing Preprocessors!
Initializing Plug-ins!
Parsing Rules file "/etc/snort/snort.conf"
Tagged Packet Limit: 256
Log directory = /var/log/snort
      Max Expected Streams: 768
Stream global config:
    Track TCP sessions: ACTIVE
    Max TCP sessions: 262144
    TCP cache pruning timeout: 30 seconds
    TCP cache nominal timeout: 180 seconds
    Memcap (for reassembly packet storage): 8388608
    Track UDP sessions: ACTIVE
    Max UDP sessions: 131072
    UDP cache pruning timeout: 30 seconds
    UDP cache nominal timeout: 180 seconds
    Track ICMP sessions: INACTIVE
    Track IP sessions: INACTIVE
    Log info if session memory consumption exceeds 1048576
    Send up to 0 active responses
    Protocol Aware Flushing: ACTIVE
        Maximum Flush Point: 16384
Stream TCP Policy config:
    Bound Address: default
    Reassembly Policy: LINUX
    Timeout: 180 seconds
    Limit on TCP Overlaps: 10
    Maximum number of bytes to queue per session: 1048576
    Maximum number of segs to queue per session: 2621
    Options:
        Require 3-Way Handshake: YES
        3-Way Handshake Timeout: 180
        Detect Anomalies: YES
    Reassembly Ports:
Frag3 global config:
    Max frags: 65536
    Fragment memory cap: 4194304 bytes
HttpInspect Config:
    GLOBAL CONFIG
      Detect Proxy Usage:       NO
      IIS Unicode Map Filename: /etc/snort/unicode.map
      IIS Unicode Map Codepage: 1252
      Memcap used for logging URI and Hostname: 150994944
      Max Gzip Memory: 838860
      Max Gzip Sessions: 1613
      Gzip Compress Depth: 1460
      Gzip Decompress Depth: 2920
    DEFAULT SERVER CONFIG:
      Server profile: All
      Ports (PAF): 80 8080 8180 
      Server Flow Depth: 300
      Client Flow Depth: 300
      Max Chunk Length: 500000
      Max Header Field Length: 0
      Max Number Header Fields: 0
      Max Number of WhiteSpaces allowed with header folding: 200
      Inspect Pipeline Requests: YES
      URI Discovery Strict Mode: NO
      Allow Proxy Usage: NO
      Disable Alerting: NO
      Oversize Dir Length: 0
      Only inspect URI: NO
      Normalize HTTP Headers: NO
      Inspect HTTP Cookies: NO
      Inspect HTTP Responses: NO
      Extract Gzip from responses: NO
      Decompress response files:   
      Unlimited decompression of gzip data from responses: NO
      Normalize Javascripts in HTTP Responses: NO
      Normalize HTTP Cookies: NO
      Enable XFF and True Client IP: NO
      Log HTTP URI data: NO
      Log HTTP Hostname data: NO
      Extended ASCII code support in URI: NO
      Ascii: YES alert: NO
      Double Decoding: YES alert: YES
      %U Encoding: YES alert: YES
      Bare Byte: YES alert: YES
      UTF 8: OFF
      IIS Unicode: YES alert: YES
      Multiple Slash: YES alert: NO
      IIS Backslash: YES alert: NO
      Directory Traversal: YES alert: NO
      Web Root Traversal: YES alert: YES
      Apache WhiteSpace: YES alert: NO
      IIS Delimiter: YES alert: NO
      IIS Unicode Map: GLOBAL IIS UNICODE MAP CONFIG
      Non-RFC Compliant Characters: NONE
      Whitespace Characters: 0x09 0x0b 0x0c 0x0d 
      Legacy mode: NO

+++++++++++++++++++++++++++++++++++++++++++++++++++
Initializing rule chains...
3 Snort rules read
    3 detection rules
    0 decoder rules
    0 preprocessor rules
3 Option Chains linked into 2 Chain Headers
+++++++++++++++++++++++++++++++++++++++++++++++++++

+-------------------[Rule Port Counts]---------------------------------------
|             tcp     udp    icmp      ip
|     src       0       0       0       0
|     dst       1       0       0       0
|     any       2       0       0       0
|      nc       3       0       0       0
|     s+d       0       0       0       0
+----------------------------------------------------------------------------

+-----------------------[detection-filter-config]------------------------------
| memory-cap : 1048576 bytes
+-----------------------[detection-filter-rules]-------------------------------
-------------------------------------------------------------------------------

+-----------------------[rate-filter-config]-----------------------------------
| memory-cap : 1048576 bytes
+-----------------------[rate-filter-rules]------------------------------------
| none
-------------------------------------------------------------------------------

+-----------------------[event-filter-config]----------------------------------
| memory-cap : 1048576 bytes
+-----------------------[event-filter-global]----------------------------------
+-----------------------[event-filter-local]-----------------------------------
| none
+-----------------------[suppression]------------------------------------------
| none
-------------------------------------------------------------------------------
Rule application order: pass->drop->sdrop->reject->alert->log
Verifying Preprocessor Configurations!

[ Port Based Pattern Matching Memory ]
+-[AC-BNFA Search Info Summary]------------------------------
| Instances        : 2
| Patterns         : 4
| Pattern Chars    : 37
| Num States       : 37
| Num Match States : 4
| Memory           :   3.81Kbytes
|   Patterns       :   0.19K
|   Match Lists    :   0.41K
|   Transitions    :   2.41K
+-------------------------------------------------
pcap DAQ configured to passive.
Acquiring network traffic from "eth1".
Reload thread starting...
Reload thread started, thread 0x7fe2f514b640 (48)
Decoding Ethernet

        --== Initialization Complete ==--

   ,,_     -*> Snort! <*-
  o"  )~   Version 2.9.15.1 GRE (Build 15125) 
   ''''    By Martin Roesch & The Snort Team: http://www.snort.org/contact#team
           Copyright (C) 2014-2019 Cisco and/or its affiliates. All rights reserved.
           Copyright (C) 1998-2013 Sourcefire, Inc., et al.
           Using libpcap version 1.10.1 (with TPACKET_V3)
           Using PCRE version: 8.39 2016-06-14
           Using ZLIB version: 1.2.11

Commencing packet processing (pid=23)
06/03-09:16:54.745221 172.24.0.2:39056 -> 172.24.0.3:3100
TCP TTL:64 TOS:0x0 ID:38154 IpLen:20 DgmLen:60 DF
******S* Seq: 0x8511D78C  Ack: 0x0  Win: 0xFAF0  TcpLen: 40
TCP Options (5) => MSS: 1460 SackOK TS: 2908866802 0 NOP WS: 7 
=+=+=+=+=+=+=+=+=+=+=+=+=+=+=+=+=+=+=+=+=+=+=+=+=+=+=+=+=+=+=+=+=+=+=+=+=+

06/03-09:16:54.745388 172.24.0.3:3100 -> 172.24.0.2:39056
TCP TTL:64 TOS:0x0 ID:0 IpLen:20 DgmLen:60 DF
***A**S* Seq: 0x6FFB359F  Ack: 0x8511D78D  Win: 0xFE88  TcpLen: 40
TCP Options (5) => MSS: 1460 SackOK TS: 1752898930 2908866802 
TCP Options => NOP WS: 7 
=+=+=+=+=+=+=+=+=+=+=+=+=+=+=+=+=+=+=+=+=+=+=+=+=+=+=+=+=+=+=+=+=+=+=+=+=+

06/03-09:16:54.745420 172.24.0.2:39056 -> 172.24.0.3:3100
TCP TTL:64 TOS:0x0 ID:38155 IpLen:20 DgmLen:52 DF
***A**** Seq: 0x8511D78D  Ack: 0x6FFB35A0  Win: 0x1F6  TcpLen: 32
TCP Options (3) => NOP NOP TS: 2908866803 1752898930 
=+=+=+=+=+=+=+=+=+=+=+=+=+=+=+=+=+=+=+=+=+=+=+=+=+=+=+=+=+=+=+=+=+=+=+=+=+

06/03-09:16:54.746617 172.24.0.2:39056 -> 172.24.0.3:3100
TCP TTL:64 TOS:0x0 ID:38156 IpLen:20 DgmLen:52 DF
***A***F Seq: 0x8511D78D  Ack: 0x6FFB35A0  Win: 0x1F6  TcpLen: 32
TCP Options (3) => NOP NOP TS: 2908866804 1752898930 
=+=+=+=+=+=+=+=+=+=+=+=+=+=+=+=+=+=+=+=+=+=+=+=+=+=+=+=+=+=+=+=+=+=+=+=+=+

06/03-09:16:54.755404 172.24.0.3:3100 -> 172.24.0.2:39056
TCP TTL:64 TOS:0x0 ID:40783 IpLen:20 DgmLen:52 DF
***A**** Seq: 0x6FFB35A0  Ack: 0x8511D78E  Win: 0x1FE  TcpLen: 32
TCP Options (3) => NOP NOP TS: 1752898940 2908866804 
=+=+=+=+=+=+=+=+=+=+=+=+=+=+=+=+=+=+=+=+=+=+=+=+=+=+=+=+=+=+=+=+=+=+=+=+=+

06/03-09:16:54.800453 172.24.0.3:3100 -> 172.24.0.2:39056
TCP TTL:64 TOS:0x0 ID:40784 IpLen:20 DgmLen:52 DF
***A***F Seq: 0x6FFB35A0  Ack: 0x8511D78E  Win: 0x1FE  TcpLen: 32
TCP Options (3) => NOP NOP TS: 1752898985 2908866804 
=+=+=+=+=+=+=+=+=+=+=+=+=+=+=+=+=+=+=+=+=+=+=+=+=+=+=+=+=+=+=+=+=+=+=+=+=+

06/03-09:16:54.800491 172.24.0.2:39056 -> 172.24.0.3:3100
TCP TTL:64 TOS:0x0 ID:0 IpLen:20 DgmLen:52 DF
***A**** Seq: 0x8511D78E  Ack: 0x6FFB35A1  Win: 0x1F6  TcpLen: 32
TCP Options (3) => NOP NOP TS: 2908866858 1752898985 
=+=+=+=+=+=+=+=+=+=+=+=+=+=+=+=+=+=+=+=+=+=+=+=+=+=+=+=+=+=+=+=+=+=+=+=+=+

06/03-09:18:11.296168 172.24.0.2:41962 -> 172.24.0.3:3100
TCP TTL:64 TOS:0x0 ID:33541 IpLen:20 DgmLen:60 DF
******S* Seq: 0xB3026228  Ack: 0x0  Win: 0xFAF0  TcpLen: 40
TCP Options (5) => MSS: 1460 SackOK TS: 2908943362 0 NOP WS: 7 
=+=+=+=+=+=+=+=+=+=+=+=+=+=+=+=+=+=+=+=+=+=+=+=+=+=+=+=+=+=+=+=+=+=+=+=+=+

06/03-09:18:11.296352 172.24.0.3:3100 -> 172.24.0.2:41962
TCP TTL:64 TOS:0x0 ID:0 IpLen:20 DgmLen:60 DF
***A**S* Seq: 0xDC598FA0  Ack: 0xB3026229  Win: 0xFE88  TcpLen: 40
TCP Options (5) => MSS: 1460 SackOK TS: 1752975489 2908943362 
TCP Options => NOP WS: 7 
=+=+=+=+=+=+=+=+=+=+=+=+=+=+=+=+=+=+=+=+=+=+=+=+=+=+=+=+=+=+=+=+=+=+=+=+=+

06/03-09:18:11.296376 172.24.0.2:41962 -> 172.24.0.3:3100
TCP TTL:64 TOS:0x0 ID:33542 IpLen:20 DgmLen:52 DF
***A**** Seq: 0xB3026229  Ack: 0xDC598FA1  Win: 0x1F6  TcpLen: 32
TCP Options (3) => NOP NOP TS: 2908943362 1752975489 
=+=+=+=+=+=+=+=+=+=+=+=+=+=+=+=+=+=+=+=+=+=+=+=+=+=+=+=+=+=+=+=+=+=+=+=+=+

06/03-09:18:11.298443 172.24.0.2 -> 172.24.0.3
ICMP TTL:64 TOS:0x0 ID:1598 IpLen:20 DgmLen:55 DF
Type:8  Code:0  ID:13312   Seq:512  ECHO
=+=+=+=+=+=+=+=+=+=+=+=+=+=+=+=+=+=+=+=+=+=+=+=+=+=+=+=+=+=+=+=+=+=+=+=+=+

06/03-09:18:11.298481 172.24.0.2:41962 -> 172.24.0.3:3100
TCP TTL:64 TOS:0x0 ID:33543 IpLen:20 DgmLen:232 DF
***AP*** Seq: 0xB3026229  Ack: 0xDC598FA1  Win: 0x1F6  TcpLen: 32
TCP Options (3) => NOP NOP TS: 2908943364 1752975489 
=+=+=+=+=+=+=+=+=+=+=+=+=+=+=+=+=+=+=+=+=+=+=+=+=+=+=+=+=+=+=+=+=+=+=+=+=+

06/03-09:18:11.298518 172.24.0.3:3100 -> 172.24.0.2:41962
TCP TTL:64 TOS:0x0 ID:15658 IpLen:20 DgmLen:52 DF
***A**** Seq: 0xDC598FA1  Ack: 0xB30262DD  Win: 0x1FC  TcpLen: 32
TCP Options (3) => NOP NOP TS: 1752975491 2908943364 
=+=+=+=+=+=+=+=+=+=+=+=+=+=+=+=+=+=+=+=+=+=+=+=+=+=+=+=+=+=+=+=+=+=+=+=+=+

06/03-09:18:11.299452 172.24.0.3 -> 172.24.0.2
ICMP TTL:64 TOS:0x0 ID:46198 IpLen:20 DgmLen:55
Type:0  Code:0  ID:13312  Seq:512  ECHO REPLY
=+=+=+=+=+=+=+=+=+=+=+=+